<?xml version="1.0" encoding="UTF-8"?>
<!-- Generated by org.testng.reporters.JUnitXMLReporter -->
<testsuite hostname="MyComputer" ignored="2" name="Test(failed)" tests="1" failures="0" timestamp="09 Nov 2019 11:26:29 GMT" time="17.711" errors="0">
  <testcase name="getPrimeDeliveryItem" time="0.057" classname="com.qa.amazon.testcase.HomePageTest"/>
  <testcase name="MobileserachCall" time="0.0" classname="com.qa.amazon.testcase.HomePageTest">
    <ignored/>
  </testcase> <!-- MobileserachCall -->
  <testcase name="getAccessory" time="0.0" classname="com.qa.amazon.testcase.HomePageTest">
    <ignored/>
  </testcase> <!-- getAccessory -->
</testsuite> <!-- Test(failed) -->
