<?xml version="1.0" encoding="UTF-8"?>
<testng-results skipped="6" failed="0" total="6" passed="0">
  <reporter-output>
  </reporter-output>
  <suite name="Command line suite" duration-ms="80717" started-at="2020-02-27T02:37:54Z" finished-at="2020-02-27T02:39:15Z">
    <groups>
    </groups>
    <test name="Command line test" duration-ms="80717" started-at="2020-02-27T02:37:54Z" finished-at="2020-02-27T02:39:15Z">
      <class name="com.qa.amazon.testcase.LoginPageTest">
        <test-method status="PASS" signature="extentstart()[pri:0, instance:com.qa.amazon.testcase.LoginPageTest@6108b2d7]" name="extentstart" is-config="true" duration-ms="468" started-at="2020-02-27T13:37:54Z" finished-at="2020-02-27T13:37:54Z">
          <reporter-output>
          </reporter-output>
        </test-method> <!-- extentstart -->
        <test-method status="FAIL" signature="init()[pri:0, instance:com.qa.amazon.testcase.LoginPageTest@6108b2d7]" name="init" is-config="true" duration-ms="0" started-at="2020-02-27T13:37:54Z" finished-at="2020-02-27T13:37:54Z">
          <exception class="org.openqa.selenium.WebDriverException">
            <message>
              <![CDATA[connection refused
Build info: version: '3.14.0', revision: 'aacccce0', time: '2018-08-02T20:19:58.91Z'
System info: host: 'MYCOMPUTER', ip: '192.168.43.54', os.name: 'Windows 10', os.arch: 'amd64', os.version: '10.0', java.version: '1.8.0_191'
Driver info: driver.version: FirefoxDriver
remote stacktrace: ]]>
            </message>
            <full-stacktrace>
              <![CDATA[org.openqa.selenium.WebDriverException: connection refused
Build info: version: '3.14.0', revision: 'aacccce0', time: '2018-08-02T20:19:58.91Z'
System info: host: 'MYCOMPUTER', ip: '192.168.43.54', os.name: 'Windows 10', os.arch: 'amd64', os.version: '10.0', java.version: '1.8.0_191'
Driver info: driver.version: FirefoxDriver
remote stacktrace: 
	at sun.reflect.NativeConstructorAccessorImpl.newInstance0(Native Method)
	at sun.reflect.NativeConstructorAccessorImpl.newInstance(NativeConstructorAccessorImpl.java:62)
	at sun.reflect.DelegatingConstructorAccessorImpl.newInstance(DelegatingConstructorAccessorImpl.java:45)
	at java.lang.reflect.Constructor.newInstance(Constructor.java:423)
	at org.openqa.selenium.remote.W3CHandshakeResponse.lambda$new$0(W3CHandshakeResponse.java:57)
	at org.openqa.selenium.remote.W3CHandshakeResponse.lambda$getResponseFunction$2(W3CHandshakeResponse.java:104)
	at org.openqa.selenium.remote.ProtocolHandshake.lambda$createSession$0(ProtocolHandshake.java:122)
	at java.util.stream.ReferencePipeline$3$1.accept(ReferencePipeline.java:193)
	at java.util.Spliterators$ArraySpliterator.tryAdvance(Spliterators.java:958)
	at java.util.stream.ReferencePipeline.forEachWithCancel(ReferencePipeline.java:126)
	at java.util.stream.AbstractPipeline.copyIntoWithCancel(AbstractPipeline.java:498)
	at java.util.stream.AbstractPipeline.copyInto(AbstractPipeline.java:485)
	at java.util.stream.AbstractPipeline.wrapAndCopyInto(AbstractPipeline.java:471)
	at java.util.stream.FindOps$FindOp.evaluateSequential(FindOps.java:152)
	at java.util.stream.AbstractPipeline.evaluate(AbstractPipeline.java:234)
	at java.util.stream.ReferencePipeline.findFirst(ReferencePipeline.java:464)
	at org.openqa.selenium.remote.ProtocolHandshake.createSession(ProtocolHandshake.java:125)
	at org.openqa.selenium.remote.ProtocolHandshake.createSession(ProtocolHandshake.java:73)
	at org.openqa.selenium.remote.HttpCommandExecutor.execute(HttpCommandExecutor.java:136)
	at org.openqa.selenium.remote.service.DriverCommandExecutor.execute(DriverCommandExecutor.java:83)
	at org.openqa.selenium.remote.RemoteWebDriver.execute(RemoteWebDriver.java:548)
	at org.openqa.selenium.remote.RemoteWebDriver.startSession(RemoteWebDriver.java:212)
	at org.openqa.selenium.remote.RemoteWebDriver.<init>(RemoteWebDriver.java:130)
	at org.openqa.selenium.firefox.FirefoxDriver.<init>(FirefoxDriver.java:125)
	at org.openqa.selenium.firefox.FirefoxDriver.<init>(FirefoxDriver.java:103)
	at com.qa.amazon.base.AmazonBase.init(AmazonBase.java:67)
	at sun.reflect.NativeMethodAccessorImpl.invoke0(Native Method)
	at sun.reflect.NativeMethodAccessorImpl.invoke(NativeMethodAccessorImpl.java:62)
	at sun.reflect.DelegatingMethodAccessorImpl.invoke(DelegatingMethodAccessorImpl.java:43)
	at java.lang.reflect.Method.invoke(Method.java:498)
	at org.testng.internal.MethodInvocationHelper.invokeMethod(MethodInvocationHelper.java:80)
	at org.testng.internal.Invoker.invokeConfigurationMethod(Invoker.java:564)
	at org.testng.internal.Invoker.invokeConfigurations(Invoker.java:213)
	at org.testng.internal.Invoker.invokeConfigurations(Invoker.java:138)
	at org.testng.TestRunner.beforeRun(TestRunner.java:641)
	at org.testng.TestRunner.run(TestRunner.java:609)
	at org.testng.SuiteRunner.runTest(SuiteRunner.java:334)
	at org.testng.SuiteRunner.runSequentially(SuiteRunner.java:329)
	at org.testng.SuiteRunner.privateRun(SuiteRunner.java:291)
	at org.testng.SuiteRunner.run(SuiteRunner.java:240)
	at org.testng.SuiteRunnerWorker.runSuite(SuiteRunnerWorker.java:52)
	at org.testng.SuiteRunnerWorker.run(SuiteRunnerWorker.java:86)
	at org.testng.TestNG.runSuitesSequentially(TestNG.java:1198)
	at org.testng.TestNG.runSuitesLocally(TestNG.java:1123)
	at org.testng.TestNG.run(TestNG.java:1031)
	at org.apache.maven.surefire.testng.TestNGExecutor.run(TestNGExecutor.java:77)
	at org.apache.maven.surefire.testng.TestNGDirectoryTestSuite.executeMulti(TestNGDirectoryTestSuite.java:159)
	at org.apache.maven.surefire.testng.TestNGDirectoryTestSuite.execute(TestNGDirectoryTestSuite.java:99)
	at org.apache.maven.surefire.testng.TestNGProvider.invoke(TestNGProvider.java:106)
	at sun.reflect.NativeMethodAccessorImpl.invoke0(Native Method)
	at sun.reflect.NativeMethodAccessorImpl.invoke(NativeMethodAccessorImpl.java:62)
	at sun.reflect.DelegatingMethodAccessorImpl.invoke(DelegatingMethodAccessorImpl.java:43)
	at java.lang.reflect.Method.invoke(Method.java:498)
	at org.apache.maven.surefire.util.ReflectionUtils.invokeMethodWithArray(ReflectionUtils.java:189)
	at org.apache.maven.surefire.booter.ProviderFactory$ProviderProxy.invoke(ProviderFactory.java:165)
	at org.apache.maven.surefire.booter.ProviderFactory.invokeProvider(ProviderFactory.java:85)
	at org.apache.maven.surefire.booter.ForkedBooter.runSuitesInProcess(ForkedBooter.java:115)
	at org.apache.maven.surefire.booter.ForkedBooter.main(ForkedBooter.java:75)
]]>
            </full-stacktrace>
          </exception> <!-- org.openqa.selenium.WebDriverException -->
          <reporter-output>
          </reporter-output>
        </test-method> <!-- init -->
        <test-method status="SKIP" signature="setup()[pri:0, instance:com.qa.amazon.testcase.LoginPageTest@6108b2d7]" name="setup" duration-ms="3" started-at="2020-02-27T13:39:15Z" finished-at="2020-02-27T13:39:15Z">
          <reporter-output>
          </reporter-output>
        </test-method> <!-- setup -->
        <test-method status="SKIP" signature="logintoHome()[pri:0, instance:com.qa.amazon.testcase.LoginPageTest@6108b2d7]" name="logintoHome" duration-ms="0" started-at="2020-02-27T13:39:15Z" finished-at="2020-02-27T13:39:15Z">
          <reporter-output>
          </reporter-output>
        </test-method> <!-- logintoHome -->
        <test-method status="SKIP" signature="teardown()[pri:0, instance:com.qa.amazon.testcase.LoginPageTest@6108b2d7]" name="teardown" is-config="true" duration-ms="0" started-at="2020-02-27T13:39:17Z" finished-at="2020-02-27T13:39:17Z">
          <reporter-output>
          </reporter-output>
        </test-method> <!-- teardown -->
      </class> <!-- com.qa.amazon.testcase.LoginPageTest -->
      <class name="com.qa.amazon.testcase.HomePageTest">
        <test-method status="SKIP" signature="MobileserachCall()[pri:0, instance:com.qa.amazon.testcase.HomePageTest@38082d64]" name="MobileserachCall" duration-ms="1" started-at="2020-02-27T13:39:15Z" finished-at="2020-02-27T13:39:15Z">
          <reporter-output>
          </reporter-output>
        </test-method> <!-- MobileserachCall -->
        <test-method status="SKIP" signature="verifyTitle()[pri:0, instance:com.qa.amazon.testcase.HomePageTest@38082d64]" name="verifyTitle" duration-ms="1" started-at="2020-02-27T13:39:15Z" finished-at="2020-02-27T13:39:15Z">
          <reporter-output>
          </reporter-output>
        </test-method> <!-- verifyTitle -->
        <test-method status="SKIP" signature="getAccessory()[pri:0, instance:com.qa.amazon.testcase.HomePageTest@38082d64]" name="getAccessory" duration-ms="1" started-at="2020-02-27T13:39:15Z" finished-at="2020-02-27T13:39:15Z">
          <reporter-output>
          </reporter-output>
        </test-method> <!-- getAccessory -->
        <test-method status="SKIP" signature="getPrimeDeliveryItem()[pri:0, instance:com.qa.amazon.testcase.HomePageTest@38082d64]" name="getPrimeDeliveryItem" duration-ms="5" started-at="2020-02-27T13:39:15Z" finished-at="2020-02-27T13:39:15Z">
          <reporter-output>
          </reporter-output>
        </test-method> <!-- getPrimeDeliveryItem -->
      </class> <!-- com.qa.amazon.testcase.HomePageTest -->
    </test> <!-- Command line test -->
  </suite> <!-- Command line suite -->
</testng-results>
