<?xml version="1.0" encoding="UTF-8"?>
<testng-results skipped="0" failed="0" total="3" passed="3">
  <reporter-output>
  </reporter-output>
  <suite name="Suite" duration-ms="49917" started-at="2020-04-17T02:20:07Z" finished-at="2020-04-17T02:20:57Z">
    <groups>
    </groups>
    <test name="Test" duration-ms="49917" started-at="2020-04-17T02:20:07Z" finished-at="2020-04-17T02:20:57Z">
      <class name="com.udemy.test.AssignmentSection13Last">
        <test-method status="PASS" signature="Assignment13Last_qaclick()[pri:0, instance:com.udemy.test.AssignmentSection13Last@90f6bfd]" name="Assignment13Last_qaclick" duration-ms="17450" started-at="2020-04-17T12:20:40Z" finished-at="2020-04-17T12:20:57Z">
          <reporter-output>
          </reporter-output>
        </test-method> <!-- Assignment13Last_qaclick -->
      </class> <!-- com.udemy.test.AssignmentSection13Last -->
      <class name="com.udemy.test.AssignmentSection12Assign6">
        <test-method status="PASS" signature="Assignment6_qaclick()[pri:0, instance:com.udemy.test.AssignmentSection12Assign6@47f6473]" name="Assignment6_qaclick" duration-ms="15776" started-at="2020-04-17T12:20:24Z" finished-at="2020-04-17T12:20:40Z">
          <reporter-output>
          </reporter-output>
        </test-method> <!-- Assignment6_qaclick -->
      </class> <!-- com.udemy.test.AssignmentSection12Assign6 -->
      <class name="com.udemy.test.AssignementSection13">
        <test-method status="PASS" signature="Assignmentsection13_qaclick()[pri:0, instance:com.udemy.test.AssignementSection13@2c6a3f77]" name="Assignmentsection13_qaclick" duration-ms="16664" started-at="2020-04-17T12:20:07Z" finished-at="2020-04-17T12:20:24Z">
          <reporter-output>
          </reporter-output>
        </test-method> <!-- Assignmentsection13_qaclick -->
      </class> <!-- com.udemy.test.AssignementSection13 -->
    </test> <!-- Test -->
  </suite> <!-- Suite -->
</testng-results>
