<?xml version="1.0" encoding="UTF-8"?>
<!-- Generated by org.testng.reporters.JUnitXMLReporter -->
<testsuite hostname="MyComputer" name="Test" tests="3" failures="0" timestamp="17 Apr 2020 02:20:57 GMT" time="49.917" errors="0">
  <testcase name="Assignmentsection13_qaclick" time="16.664" classname="com.udemy.test.AssignementSection13"/>
  <testcase name="Assignment6_qaclick" time="15.776" classname="com.udemy.test.AssignmentSection12Assign6"/>
  <testcase name="Assignment13Last_qaclick" time="17.45" classname="com.udemy.test.AssignmentSection13Last"/>
</testsuite> <!-- Test -->
